Traceback (most recent call last):
  File "/opt/anaconda3/lib/python3.12/site-packages/jupyter_cache/executors/utils.py", line 58, in single_nb_execution
    executenb(
  File "/opt/anaconda3/lib/python3.12/site-packages/nbclient/client.py", line 1305, in execute
    return NotebookClient(nb=nb, resources=resources, km=km, **kwargs).execute()
           ^^^^^^^^^^^^^^^^^^^^^^^^^^^^^^^^^^^^^^^^^^^^^^^^^^^^^^^^^^^^^^^^^^^^^
  File "/opt/anaconda3/lib/python3.12/site-packages/jupyter_core/utils/__init__.py", line 165, in wrapped
    return loop.run_until_complete(inner)
           ^^^^^^^^^^^^^^^^^^^^^^^^^^^^^^
  File "/opt/anaconda3/lib/python3.12/asyncio/base_events.py", line 687, in run_until_complete
    return future.result()
           ^^^^^^^^^^^^^^^
  File "/opt/anaconda3/lib/python3.12/site-packages/nbclient/client.py", line 705, in async_execute
    await self.async_execute_cell(
  File "/opt/anaconda3/lib/python3.12/site-packages/nbclient/client.py", line 1058, in async_execute_cell
    await self._check_raise_for_error(cell, cell_index, exec_reply)
  File "/opt/anaconda3/lib/python3.12/site-packages/nbclient/client.py", line 914, in _check_raise_for_error
    raise CellExecutionError.from_cell_and_msg(cell, exec_reply_content)
nbclient.exceptions.CellExecutionError: An error occurred while executing the following cell:
------------------
#pip install sweetviz
import sweetviz as sv

#my_report = sv.analyze(train_df)
my_report = sv.compare([train_df,'Train'],[test_df,'Test'],target_feat = 'Uafe')
my_report.show_html()
------------------


[0;31m---------------------------------------------------------------------------[0m
[0;31mModuleNotFoundError[0m                       Traceback (most recent call last)
Cell [0;32mIn[14], line 2[0m
[1;32m      1[0m [38;5;66;03m#pip install sweetviz[39;00m
[0;32m----> 2[0m [38;5;28;01mimport[39;00m [38;5;21;01msweetviz[39;00m [38;5;28;01mas[39;00m [38;5;21;01msv[39;00m
[1;32m      4[0m [38;5;66;03m#my_report = sv.analyze(train_df)[39;00m
[1;32m      5[0m my_report [38;5;241m=[39m sv[38;5;241m.[39mcompare([train_df,[38;5;124m'[39m[38;5;124mTrain[39m[38;5;124m'[39m],[test_df,[38;5;124m'[39m[38;5;124mTest[39m[38;5;124m'[39m],target_feat [38;5;241m=[39m [38;5;124m'[39m[38;5;124mUafe[39m[38;5;124m'[39m)

[0;31mModuleNotFoundError[0m: No module named 'sweetviz'

