Traceback (most recent call last):
  File "/Users/victormorales/opt/anaconda3/lib/python3.9/site-packages/jupyter_cache/executors/utils.py", line 58, in single_nb_execution
    executenb(
  File "/Users/victormorales/opt/anaconda3/lib/python3.9/site-packages/nbclient/client.py", line 1305, in execute
    return NotebookClient(nb=nb, resources=resources, km=km, **kwargs).execute()
  File "/Users/victormorales/opt/anaconda3/lib/python3.9/site-packages/jupyter_core/utils/__init__.py", line 173, in wrapped
    return loop.run_until_complete(inner)
  File "/Users/victormorales/opt/anaconda3/lib/python3.9/asyncio/base_events.py", line 647, in run_until_complete
    return future.result()
  File "/Users/victormorales/opt/anaconda3/lib/python3.9/site-packages/nbclient/client.py", line 705, in async_execute
    await self.async_execute_cell(
  File "/Users/victormorales/opt/anaconda3/lib/python3.9/site-packages/nbclient/client.py", line 1058, in async_execute_cell
    await self._check_raise_for_error(cell, cell_index, exec_reply)
  File "/Users/victormorales/opt/anaconda3/lib/python3.9/site-packages/nbclient/client.py", line 914, in _check_raise_for_error
    raise CellExecutionError.from_cell_and_msg(cell, exec_reply_content)
nbclient.exceptions.CellExecutionError: An error occurred while executing the following cell:
------------------
# Imprimir el modelo (el árbol de decisión)
plt.figure(figsize=(20,10))
plot_tree(credit_model, feature_names=encoder.get_feature_names_out(features), class_names=['no', 'yes'], filled=True)
plt.show()
------------------


[0;31m---------------------------------------------------------------------------[0m
[0;31mInvalidParameterError[0m                     Traceback (most recent call last)
Cell [0;32mIn[14], line 3[0m
[1;32m      1[0m [38;5;66;03m# Imprimir el modelo (el árbol de decisión)[39;00m
[1;32m      2[0m plt[38;5;241m.[39mfigure(figsize[38;5;241m=[39m([38;5;241m20[39m,[38;5;241m10[39m))
[0;32m----> 3[0m [43mplot_tree[49m[43m([49m[43mcredit_model[49m[43m,[49m[43m [49m[43mfeature_names[49m[38;5;241;43m=[39;49m[43mencoder[49m[38;5;241;43m.[39;49m[43mget_feature_names_out[49m[43m([49m[43mfeatures[49m[43m)[49m[43m,[49m[43m [49m[43mclass_names[49m[38;5;241;43m=[39;49m[43m[[49m[38;5;124;43m'[39;49m[38;5;124;43mno[39;49m[38;5;124;43m'[39;49m[43m,[49m[43m [49m[38;5;124;43m'[39;49m[38;5;124;43myes[39;49m[38;5;124;43m'[39;49m[43m][49m[43m,[49m[43m [49m[43mfilled[49m[38;5;241;43m=[39;49m[38;5;28;43;01mTrue[39;49;00m[43m)[49m
[1;32m      4[0m plt[38;5;241m.[39mshow()

File [0;32m~/opt/anaconda3/lib/python3.9/site-packages/sklearn/utils/_param_validation.py:201[0m, in [0;36mvalidate_params.<locals>.decorator.<locals>.wrapper[0;34m(*args, **kwargs)[0m
[1;32m    198[0m to_ignore [38;5;241m+[39m[38;5;241m=[39m [[38;5;124m"[39m[38;5;124mself[39m[38;5;124m"[39m, [38;5;124m"[39m[38;5;124mcls[39m[38;5;124m"[39m]
[1;32m    199[0m params [38;5;241m=[39m {k: v [38;5;28;01mfor[39;00m k, v [38;5;129;01min[39;00m params[38;5;241m.[39marguments[38;5;241m.[39mitems() [38;5;28;01mif[39;00m k [38;5;129;01mnot[39;00m [38;5;129;01min[39;00m to_ignore}
[0;32m--> 201[0m [43mvalidate_parameter_constraints[49m[43m([49m
[1;32m    202[0m [43m    [49m[43mparameter_constraints[49m[43m,[49m[43m [49m[43mparams[49m[43m,[49m[43m [49m[43mcaller_name[49m[38;5;241;43m=[39;49m[43mfunc[49m[38;5;241;43m.[39;49m[38;5;18;43m__qualname__[39;49m
[1;32m    203[0m [43m[49m[43m)[49m
[1;32m    205[0m [38;5;28;01mtry[39;00m:
[1;32m    206[0m     [38;5;28;01mwith[39;00m config_context(
[1;32m    207[0m         skip_parameter_validation[38;5;241m=[39m(
[1;32m    208[0m             prefer_skip_nested_validation [38;5;129;01mor[39;00m global_skip_validation
[1;32m    209[0m         )
[1;32m    210[0m     ):

File [0;32m~/opt/anaconda3/lib/python3.9/site-packages/sklearn/utils/_param_validation.py:95[0m, in [0;36mvalidate_parameter_constraints[0;34m(parameter_constraints, params, caller_name)[0m
[1;32m     89[0m [38;5;28;01melse[39;00m:
[1;32m     90[0m     constraints_str [38;5;241m=[39m (
[1;32m     91[0m         [38;5;124mf[39m[38;5;124m"[39m[38;5;132;01m{[39;00m[38;5;124m'[39m[38;5;124m, [39m[38;5;124m'[39m[38;5;241m.[39mjoin([[38;5;28mstr[39m(c)[38;5;250m [39m[38;5;28;01mfor[39;00m[38;5;250m [39mc[38;5;250m [39m[38;5;129;01min[39;00m[38;5;250m [39mconstraints[:[38;5;241m-[39m[38;5;241m1[39m]])[38;5;132;01m}[39;00m[38;5;124m or[39m[38;5;124m"[39m
[1;32m     92[0m         [38;5;124mf[39m[38;5;124m"[39m[38;5;124m [39m[38;5;132;01m{[39;00mconstraints[[38;5;241m-[39m[38;5;241m1[39m][38;5;132;01m}[39;00m[38;5;124m"[39m
[1;32m     93[0m     )
[0;32m---> 95[0m [38;5;28;01mraise[39;00m InvalidParameterError(
[1;32m     96[0m     [38;5;124mf[39m[38;5;124m"[39m[38;5;124mThe [39m[38;5;132;01m{[39;00mparam_name[38;5;132;01m!r}[39;00m[38;5;124m parameter of [39m[38;5;132;01m{[39;00mcaller_name[38;5;132;01m}[39;00m[38;5;124m must be[39m[38;5;124m"[39m
[1;32m     97[0m     [38;5;124mf[39m[38;5;124m"[39m[38;5;124m [39m[38;5;132;01m{[39;00mconstraints_str[38;5;132;01m}[39;00m[38;5;124m. Got [39m[38;5;132;01m{[39;00mparam_val[38;5;132;01m!r}[39;00m[38;5;124m instead.[39m[38;5;124m"[39m
[1;32m     98[0m )

[0;31mInvalidParameterError[0m: The 'feature_names' parameter of plot_tree must be an instance of 'list' or None. Got array(['checking_balance_< 0 DM', 'checking_balance_> 200 DM',
       'checking_balance_unknown', 'months_loan_duration_5',
       'months_loan_duration_6', 'months_loan_duration_7',
       'months_loan_duration_8', 'months_loan_duration_9',
       'months_loan_duration_10', 'months_loan_duration_11',
       'months_loan_duration_12', 'months_loan_duration_13',
       'months_loan_duration_14', 'months_loan_duration_15',
       'months_loan_duration_16', 'months_loan_duration_18',
       'months_loan_duration_20', 'months_loan_duration_21',
       'months_loan_duration_22', 'months_loan_duration_24',
       'months_loan_duration_26', 'months_loan_duration_27',
       'months_loan_duration_28', 'months_loan_duration_30',
       'months_loan_duration_33', 'months_loan_duration_36',
       'months_loan_duration_39', 'months_loan_duration_40',
       'months_loan_duration_42', 'months_loan_duration_45',
       'months_loan_duration_48', 'months_loan_duration_54',
       'months_loan_duration_60', 'months_loan_duration_72',
       'credit_history_good', 'credit_history_perfect',
       'credit_history_poor', 'credit_history_very good', 'purpose_car',
       'purpose_car0', 'purpose_education',
       'purpose_furniture/appliances', 'purpose_renovations',
       'amount_338', 'amount_339', 'amount_343', 'amount_362',
       'amount_368', 'amount_385', 'amount_392', 'amount_409',
       'amount_426', 'amount_428', 'amount_433', 'amount_448',
       'amount_454', 'amount_458', 'amount_484', 'amount_518',
       'amount_522', 'amount_571', 'amount_585', 'amount_590',
       'amount_601', 'amount_609', 'amount_618', 'amount_625',
       'amount_626', 'amount_629', 'amount_639', 'amount_640',
       'amount_652', 'amount_654', 'amount_660', 'amount_662',
       'amount_666', 'amount_672', 'amount_674', 'amount_682',
       'amount_683', 'amount_684', 'amount_685', 'amount_697',
       'amount_700', 'amount_701', 'amount_707', 'amount_708',
       'amount_709', 'amount_717', 'amount_719', 'amount_727',
       'amount_730', 'amount_731', 'amount_741', 'amount_745',
       'amount_750', 'amount_753', 'amount_754', 'amount_759',
       'amount_760', 'amount_763', 'amount_766', 'amount_776',
       'amount_781', 'amount_783', 'amount_790', 'amount_795',
       'amount_797', 'amount_802', 'amount_804', 'amount_806',
       'amount_836', 'amount_841', 'amount_846', 'amount_866',
       'amount_874', 'amount_882', 'amount_884', 'amount_886',
       'amount_888', 'amount_894', 'amount_900', 'amount_902',
       'amount_907', 'amount_909', 'amount_915', 'amount_918',
       'amount_926', 'amount_929', 'amount_930', 'amount_931',
       'amount_932', 'amount_936', 'amount_937', 'amount_939',
       'amount_947', 'amount_950', 'amount_951', 'amount_958',
       'amount_959', 'amount_960', 'amount_976', 'amount_983',
       'amount_996', 'amount_999', 'amount_1007', 'amount_1024',
       'amount_1028', 'amount_1037', 'amount_1038', 'amount_1042',
       'amount_1047', 'amount_1048', 'amount_1049', 'amount_1050',
       'amount_1053', 'amount_1055', 'amount_1056', 'amount_1068',
       'amount_1076', 'amount_1082', 'amount_1092', 'amount_1098',
       'amount_1101', 'amount_1103', 'amount_1107', 'amount_1108',
       'amount_1123', 'amount_1126', 'amount_1136', 'amount_1149',
       'amount_1154', 'amount_1155', 'amount_1158', 'amount_1163',
       'amount_1168', 'amount_1169', 'amount_1175', 'amount_1185',
       'amount_1190', 'amount_1193', 'amount_1198', 'amount_1199',
       'amount_1200', 'amount_1201', 'amount_1203', 'amount_1204',
       'amount_1206', 'amount_1207', 'amount_1216', 'amount_1217',
       'amount_1221', 'amount_1224', 'amount_1225', 'amount_1231',
       'amount_1236', 'amount_1237', 'amount_1238', 'amount_1239',
       'amount_1240', 'amount_1244', 'amount_1245', 'amount_1246',
       'amount_1249', 'amount_1255', 'amount_1258', 'amount_1262',
       'amount_1264', 'amount_1271', 'amount_1275', 'amount_1278',
       'amount_1282', 'amount_1285', 'amount_1287', 'amount_1288',
       'amount_1289', 'amount_1291', 'amount_1295', 'amount_1297',
       'amount_1299', 'amount_1300', 'amount_1301', 'amount_1308',
       'amount_1309', 'amount_1311', 'amount_1313', 'amount_1316',
       'amount_1318', 'amount_1322', 'amount_1323', 'amount_1330',
       'amount_1331', 'amount_1333', 'amount_1337', 'amount_1338',
       'amount_1343', 'amount_1344', 'amount_1345', 'amount_1346',
       'amount_1347', 'amount_1352', 'amount_1355', 'amount_1361',
       'amount_1364', 'amount_1366', 'amount_1372', 'amount_1374',
       'amount_1376', 'amount_1377', 'amount_1381', 'amount_1382',
       'amount_1386', 'amount_1388', 'amount_1391', 'amount_1393',
       'amount_1402', 'amount_1403', 'amount_1409', 'amount_1410',
       'amount_1412', 'amount_1413', 'amount_1414', 'amount_1418',
       'amount_1422', 'amount_1424', 'amount_1433', 'amount_1437',
       'amount_1442', 'amount_1444', 'amount_1445', 'amount_1449',
       'amount_1453', 'amount_1455', 'amount_1459', 'amount_1469',
       'amount_1471', 'amount_1473', 'amount_1478', 'amount_1480',
       'amount_1484', 'amount_1493', 'amount_1494', 'amount_1495',
       'amount_1501', 'amount_1503', 'amount_1505', 'amount_1512',
       'amount_1514', 'amount_1516', 'amount_1520', 'amount_1521',
       'amount_1525', 'amount_1526', 'amount_1530', 'amount_1532',
       'amount_1533', 'amount_1534', 'amount_1537', 'amount_1538',
       'amount_1542', 'amount_1543', 'amount_1544', 'amount_1546',
       'amount_1549', 'amount_1552', 'amount_1553', 'amount_1554',
       'amount_1555', 'amount_1567', 'amount_1568', 'amount_1569',
       'amount_1574', 'amount_1577', 'amount_1582', 'amount_1585',
       'amount_1591', 'amount_1592', 'amount_1595', 'amount_1597',
       'amount_1602', 'amount_1647', 'amount_1657', 'amount_1659',
       'amount_1670', 'amount_1680', 'amount_1715', 'amount_1721',
       'amount_1736', 'amount_1740', 'amount_1743', 'amount_1747',
       'amount_1750', 'amount_1766', 'amount_1768', 'amount_1778',
       'amount_1795', 'amount_1797', 'amount_1800', 'amount_1808',
       'amount_1817', 'amount_1819', 'amount_1820', 'amount_1823',
       'amount_1835', 'amount_1837', 'amount_1842', 'amount_1845',
       'amount_1851', 'amount_1858', 'amount_1860', 'amount_1864',
       'amount_1867', 'amount_1872', 'amount_1880', 'amount_1881',
       'amount_1882', 'amount_1884', 'amount_1887', 'amount_1893',
       'amount_1898', 'amount_1905', 'amount_1908', 'amount_1913',
       'amount_1919', 'amount_1922', 'amount_1924', 'amount_1925',
       'amount_1927', 'amount_1928', 'amount_1934', 'amount_1935',
       'amount_1936', 'amount_1938', 'amount_1940', 'amount_1941',
       'amount_1943', 'amount_1950', 'amount_1953', 'amount_1957',
       'amount_1963', 'amount_1965', 'amount_1977', 'amount_1979',
       'amount_1980', 'amount_1984', 'amount_1987', 'amount_1995',
       'amount_2002', 'amount_2012', 'amount_2028', 'amount_2030',
       'amount_2039', 'amount_2051', 'amount_2058', 'amount_2063',
       'amount_2064', 'amount_2069', 'amount_2073', 'amount_2080',
       'amount_2096', 'amount_2100', 'amount_2101', 'amount_2108',
       'amount_2116', 'amount_2118', 'amount_2121', 'amount_2122',
       'amount_2124', 'amount_2132', 'amount_2133', 'amount_2134',
       'amount_2136', 'amount_2141', 'amount_2142', 'amount_2145',
       'amount_2146', 'amount_2149', 'amount_2150', 'amount_2169',
       'amount_2171', 'amount_2186', 'amount_2197', 'amount_2210',
       'amount_2212', 'amount_2214', 'amount_2221', 'amount_2223',
       'amount_2225', 'amount_2235', 'amount_2238', 'amount_2241',
       'amount_2246', 'amount_2247', 'amount_2249', 'amount_2251',
       'amount_2255', 'amount_2273', 'amount_2278', 'amount_2279',
       'amount_2284', 'amount_2288', 'amount_2292', 'amount_2299',
       'amount_2301', 'amount_2302', 'amount_2303', 'amount_2315',
       'amount_2319', 'amount_2320', 'amount_2323', 'amount_2325',
       'amount_2326', 'amount_2327', 'amount_2329', 'amount_2331',
       'amount_2333', 'amount_2337', 'amount_2348', 'amount_2353',
       'amount_2359', 'amount_2360', 'amount_2366', 'amount_2375',
       'amount_2384', 'amount_2389', 'amount_2390', 'amount_2394',
       'amount_2397', 'amount_2404', 'amount_2406', 'amount_2415',
       'amount_2424', 'amount_2427', 'amount_2439', 'amount_2442',
       'amount_2445', 'amount_2473', 'amount_2476', 'amount_2483',
       'amount_2503', 'amount_2511', 'amount_2515', 'amount_2520',
       'amount_2522', 'amount_2528', 'amount_2538', 'amount_2569',
       'amount_2570', 'amount_2576', 'amount_2577', 'amount_2578',
       'amount_2579', 'amount_2580', 'amount_2600', 'amount_2603',
       'amount_2606', 'amount_2611', 'amount_2613', 'amount_2622',
       'amount_2625', 'amount_2629', 'amount_2631', 'amount_2647',
       'amount_2659', 'amount_2662', 'amount_2670', 'amount_2671',
       'amount_2675', 'amount_2679', 'amount_2684', 'amount_2697',
       'amount_2708', 'amount_2712', 'amount_2718', 'amount_2728',
       'amount_2743', 'amount_2745', 'amount_2751', 'amount_2753',
       'amount_2759', 'amount_2760', 'amount_2762', 'amount_2764',
       'amount_2767', 'amount_2775', 'amount_2782', 'amount_2788',
       'amount_2812', 'amount_2820', 'amount_2825', 'amount_2828',
       'amount_2831', 'amount_2835', 'amount_2848', 'amount_2859',
       'amount_2862', 'amount_2864', 'amount_2872', 'amount_2892',
       'amount_2896', 'amount_2899', 'amount_2901', 'amount_2910',
       'amount_2923', 'amount_2924', 'amount_2957', 'amount_2964',
       'amount_2969', 'amount_2978', 'amount_2991', 'amount_2993',
       'amount_2996', 'amount_3016', 'amount_3017', 'amount_3021',
       'amount_3029', 'amount_3031', 'amount_3049', 'amount_3051',
       'amount_3059', 'amount_3060', 'amount_3062', 'amount_3069',
       'amount_3074', 'amount_3077', 'amount_3079', 'amount_3092',
       'amount_3104', 'amount_3105', 'amount_3108', 'amount_3114',
       'amount_3123', 'amount_3124', 'amount_3148', 'amount_3149',
       'amount_3160', 'amount_3161', 'amount_3181', 'amount_3190',
       'amount_3195', 'amount_3213', 'amount_3229', 'amount_3234',
       'amount_3235', 'amount_3244', 'amount_3249', 'amount_3275',
       'amount_3331', 'amount_3342', 'amount_3343', 'amount_3345',
       'amount_3349', 'amount_3357', 'amount_3368', 'amount_3378',
       'amount_3380', 'amount_3384', 'amount_3386', 'amount_3394',
       'amount_3398', 'amount_3399', 'amount_3414', 'amount_3416',
       'amount_3422', 'amount_3430', 'amount_3441', 'amount_3446',
       'amount_3447', 'amount_3448', 'amount_3485', 'amount_3488',
       'amount_3496', 'amount_3509', 'amount_3512', 'amount_3518',
       'amount_3527', 'amount_3535', 'amount_3552', 'amount_3556',
       'amount_3565', 'amount_3566', 'amount_3568', 'amount_3573',
       'amount_3578', 'amount_3590', 'amount_3594', 'amount_3595',
       'amount_3599', 'amount_3609', 'amount_3612', 'amount_3617',
       'amount_3620', 'amount_3632', 'amount_3643', 'amount_3650',
       'amount_3651', 'amount_3652', 'amount_3656', 'amount_3660',
       'amount_3676', 'amount_3711', 'amount_3749', 'amount_3757',
       'amount_3758', 'amount_3763', 'amount_3777', 'amount_3780',
       'amount_3804', 'amount_3812', 'amount_3832', 'amount_3835',
       'amount_3844', 'amount_3850', 'amount_3857', 'amount_3863',
       'amount_3868', 'amount_3872', 'amount_3878', 'amount_3905',
       'amount_3913', 'amount_3914', 'amount_3915', 'amount_3939',
       'amount_3959', 'amount_3966', 'amount_3972', 'amount_3973',
       'amount_3976', 'amount_3979', 'amount_3990', 'amount_4006',
       'amount_4020', 'amount_4042', 'amount_4057', 'amount_4110',
       'amount_4139', 'amount_4151', 'amount_4153', 'amount_4165',
       'amount_4169', 'amount_4210', 'amount_4221', 'amount_4241',
       'amount_4249', 'amount_4272', 'amount_4280', 'amount_4297',
       'amount_4308', 'amount_4351', 'amount_4370', 'amount_4380',
       'amount_4439', 'amount_4455', 'amount_4473', 'amount_4526',
       'amount_4530', 'amount_4576', 'amount_4583', 'amount_4591',
       'amount_4594', 'amount_4605', 'amount_4611', 'amount_4623',
       'amount_4657', 'amount_4675', 'amount_4679', 'amount_4686',
       'amount_4712', 'amount_4716', 'amount_4736', 'amount_4746',
       'amount_4788', 'amount_4795', 'amount_4796', 'amount_4811',
       'amount_4817', 'amount_4843', 'amount_4844', 'amount_4870',
       'amount_4933', 'amount_5003', 'amount_5084', 'amount_5096',
       'amount_5117', 'amount_5129', 'amount_5150', 'amount_5152',
       'amount_5179', 'amount_5190', 'amount_5234', 'amount_5248',
       'amount_5293', 'amount_5302', 'amount_5324', 'amount_5371',
       'amount_5381', 'amount_5433', 'amount_5493', 'amount_5507',
       'amount_5511', 'amount_5595', 'amount_5711', 'amount_5742',
       'amount_5743', 'amount_5771', 'amount_5800', 'amount_5801',
       'amount_5804', 'amount_5842', 'amount_5848', 'amount_5866',
       'amount_5943', 'amount_5951', 'amount_5954', 'amount_5965',
       'amount_5998', 'amount_6143', 'amount_6148', 'amount_6204',
       'amount_6224', 'amount_6260', 'amount_6288', 'amount_6289',
       'amount_6304', 'amount_6313', 'amount_6314', 'amount_6350',
       'amount_6361', 'amount_6416', 'amount_6419', 'amount_6458',
       'amount_6468', 'amount_6527', 'amount_6560', 'amount_6579',
       'amount_6614', 'amount_6615', 'amount_6681', 'amount_6742',
       'amount_6758', 'amount_6761', 'amount_6842', 'amount_6850',
       'amount_6872', 'amount_6887', 'amount_6948', 'amount_6967',
       'amount_6999', 'amount_7057', 'amount_7119', 'amount_7127',
       'amount_7166', 'amount_7174', 'amount_7228', 'amount_7238',
       'amount_7253', 'amount_7297', 'amount_7308', 'amount_7393',
       'amount_7408', 'amount_7409', 'amount_7418', 'amount_7432',
       'amount_7472', 'amount_7485', 'amount_7511', 'amount_7596',
       'amount_7678', 'amount_7685', 'amount_7758', 'amount_7763',
       'amount_7814', 'amount_7824', 'amount_7855', 'amount_7882',
       'amount_7966', 'amount_8065', 'amount_8072', 'amount_8086',
       'amount_8133', 'amount_8229', 'amount_8318', 'amount_8335',
       'amount_8358', 'amount_8386', 'amount_8471', 'amount_8487',
       'amount_8588', 'amount_8613', 'amount_8648', 'amount_8858',
       'amount_8947', 'amount_8978', 'amount_9034', 'amount_9157',
       'amount_9271', 'amount_9277', 'amount_9283', 'amount_9398',
       'amount_9436', 'amount_9566', 'amount_9572', 'amount_9629',
       'amount_9960', 'amount_10127', 'amount_10144', 'amount_10222',
       'amount_10297', 'amount_10366', 'amount_10477', 'amount_10623',
       'amount_10875', 'amount_10974', 'amount_11054', 'amount_11328',
       'amount_11560', 'amount_11590', 'amount_11760', 'amount_11816',
       'amount_11998', 'amount_12169', 'amount_12204', 'amount_12389',
       'amount_12579', 'amount_12612', 'amount_12749', 'amount_12976',
       'amount_13756', 'amount_14027', 'amount_14179', 'amount_14318',
       'amount_14555', 'amount_14896', 'amount_15653', 'amount_15672',
       'amount_15857', 'amount_15945', 'amount_18424',
       'savings_balance_500 - 1000 DM', 'savings_balance_< 100 DM',
       'savings_balance_> 1000 DM', 'savings_balance_unknown',
       'employment_duration_4 - 7 years', 'employment_duration_< 1 year',
       'employment_duration_> 7 years', 'employment_duration_unemployed',
       'percent_of_income_2', 'percent_of_income_3',
       'percent_of_income_4', 'years_at_residence_2',
       'years_at_residence_3', 'years_at_residence_4', 'age_20', 'age_21',
       'age_22', 'age_23', 'age_24', 'age_25', 'age_26', 'age_27',
       'age_28', 'age_29', 'age_30', 'age_31', 'age_32', 'age_33',
       'age_34', 'age_35', 'age_36', 'age_37', 'age_38', 'age_39',
       'age_40', 'age_41', 'age_42', 'age_43', 'age_44', 'age_45',
       'age_46', 'age_47', 'age_48', 'age_49', 'age_50', 'age_51',
       'age_52', 'age_53', 'age_54', 'age_55', 'age_56', 'age_57',
       'age_58', 'age_59', 'age_60', 'age_61', 'age_62', 'age_63',
       'age_64', 'age_65', 'age_66', 'age_67', 'age_68', 'age_70',
       'age_74', 'age_75', 'other_credit_none', 'other_credit_store',
       'housing_own', 'housing_rent', 'existing_loans_count_2',
       'existing_loans_count_3', 'existing_loans_count_4', 'job_skilled',
       'job_unemployed', 'job_unskilled', 'dependents_2', 'phone_yes'],
      dtype=object) instead.

